<?xml version="1.0" encoding="UTF-8"?>
<testsuite xmlns:xsi="http://www.w3.org/2001/XMLSchema-instance" xsi:noNamespaceSchemaLocation="https://maven.apache.org/surefire/maven-surefire-plugin/xsd/surefire-test-report.xsd" version="3.0.2" name="com.alxy.AppTest" time="0.045" tests="1" errors="0" skipped="0" failures="0">
  <properties>
    <property name="java.specification.version" value="17"/>
    <property name="sun.cpu.isalist" value="amd64"/>
    <property name="sun.jnu.encoding" value="GBK"/>
    <property name="java.class.path" value="F:\Working\PrivateWealthSuite\gateway-service\target\test-classes;F:\Working\PrivateWealthSuite\gateway-service\target\classes;F:\java\repository2\maven-cangku\org\springframework\cloud\spring-cloud-starter-gateway\4.2.1\spring-cloud-starter-gateway-4.2.1.jar;F:\java\repository2\maven-cangku\org\springframework\cloud\spring-cloud-starter\4.2.1\spring-cloud-starter-4.2.1.jar;F:\java\repository2\maven-cangku\org\springframework\boot\spring-boot-starter\3.4.4\spring-boot-starter-3.4.4.jar;F:\java\repository2\maven-cangku\org\springframework\boot\spring-boot\3.4.4\spring-boot-3.4.4.jar;F:\java\repository2\maven-cangku\org\springframework\spring-context\6.2.5\spring-context-6.2.5.jar;F:\java\repository2\maven-cangku\org\springframework\spring-aop\6.2.5\spring-aop-6.2.5.jar;F:\java\repository2\maven-cangku\org\springframework\spring-expression\6.2.5\spring-expression-6.2.5.jar;F:\java\repository2\maven-cangku\org\springframework\boot\spring-boot-autoconfigure\3.4.4\spring-boot-autoconfigure-3.4.4.jar;F:\java\repository2\maven-cangku\org\springframework\boot\spring-boot-starter-logging\3.4.4\spring-boot-starter-logging-3.4.4.jar;F:\java\repository2\maven-cangku\ch\qos\logback\logback-classic\1.5.18\logback-classic-1.5.18.jar;F:\java\repository2\maven-cangku\ch\qos\logback\logback-core\1.5.18\logback-core-1.5.18.jar;F:\java\repository2\maven-cangku\org\slf4j\slf4j-api\2.0.17\slf4j-api-2.0.17.jar;F:\java\repository2\maven-cangku\org\apache\logging\log4j\log4j-to-slf4j\2.24.3\log4j-to-slf4j-2.24.3.jar;F:\java\repository2\maven-cangku\org\apache\logging\log4j\log4j-api\2.24.3\log4j-api-2.24.3.jar;F:\java\repository2\maven-cangku\org\slf4j\jul-to-slf4j\2.0.17\jul-to-slf4j-2.0.17.jar;F:\java\repository2\maven-cangku\jakarta\annotation\jakarta.annotation-api\2.1.1\jakarta.annotation-api-2.1.1.jar;F:\java\repository2\maven-cangku\org\springframework\spring-core\6.2.5\spring-core-6.2.5.jar;F:\java\repository2\maven-cangku\org\springframework\spring-jcl\6.2.5\spring-jcl-6.2.5.jar;F:\java\repository2\maven-cangku\org\yaml\snakeyaml\2.3\snakeyaml-2.3.jar;F:\java\repository2\maven-cangku\org\springframework\cloud\spring-cloud-context\4.2.1\spring-cloud-context-4.2.1.jar;F:\java\repository2\maven-cangku\org\springframework\security\spring-security-crypto\6.4.4\spring-security-crypto-6.4.4.jar;F:\java\repository2\maven-cangku\org\springframework\cloud\spring-cloud-commons\4.2.1\spring-cloud-commons-4.2.1.jar;F:\java\repository2\maven-cangku\org\bouncycastle\bcprov-jdk18on\1.78.1\bcprov-jdk18on-1.78.1.jar;F:\java\repository2\maven-cangku\org\springframework\cloud\spring-cloud-gateway-server\4.2.1\spring-cloud-gateway-server-4.2.1.jar;F:\java\repository2\maven-cangku\org\springframework\boot\spring-boot-starter-validation\3.4.4\spring-boot-starter-validation-3.4.4.jar;F:\java\repository2\maven-cangku\org\apache\tomcat\embed\tomcat-embed-el\10.1.39\tomcat-embed-el-10.1.39.jar;F:\java\repository2\maven-cangku\org\hibernate\validator\hibernate-validator\8.0.2.Final\hibernate-validator-8.0.2.Final.jar;F:\java\repository2\maven-cangku\jakarta\validation\jakarta.validation-api\3.0.2\jakarta.validation-api-3.0.2.jar;F:\java\repository2\maven-cangku\org\jboss\logging\jboss-logging\3.6.1.Final\jboss-logging-3.6.1.Final.jar;F:\java\repository2\maven-cangku\com\fasterxml\classmate\1.7.0\classmate-1.7.0.jar;F:\java\repository2\maven-cangku\io\projectreactor\addons\reactor-extra\3.5.2\reactor-extra-3.5.2.jar;F:\java\repository2\maven-cangku\io\projectreactor\reactor-core\3.7.4\reactor-core-3.7.4.jar;F:\java\repository2\maven-cangku\org\reactivestreams\reactive-streams\1.0.4\reactive-streams-1.0.4.jar;F:\java\repository2\maven-cangku\org\springframework\boot\spring-boot-starter-webflux\3.4.4\spring-boot-starter-webflux-3.4.4.jar;F:\java\repository2\maven-cangku\org\springframework\boot\spring-boot-starter-json\3.4.4\spring-boot-starter-json-3.4.4.jar;F:\java\repository2\maven-cangku\com\fasterxml\jackson\core\jackson-databind\2.18.3\jackson-databind-2.18.3.jar;F:\java\repository2\maven-cangku\com\fasterxml\jackson\core\jackson-annotations\2.18.3\jackson-annotations-2.18.3.jar;F:\java\repository2\maven-cangku\com\fasterxml\jackson\core\jackson-core\2.18.3\jackson-core-2.18.3.jar;F:\java\repository2\maven-cangku\com\fasterxml\jackson\datatype\jackson-datatype-jdk8\2.18.3\jackson-datatype-jdk8-2.18.3.jar;F:\java\repository2\maven-cangku\com\fasterxml\jackson\datatype\jackson-datatype-jsr310\2.18.3\jackson-datatype-jsr310-2.18.3.jar;F:\java\repository2\maven-cangku\com\fasterxml\jackson\module\jackson-module-parameter-names\2.18.3\jackson-module-parameter-names-2.18.3.jar;F:\java\repository2\maven-cangku\org\springframework\boot\spring-boot-starter-reactor-netty\3.4.4\spring-boot-starter-reactor-netty-3.4.4.jar;F:\java\repository2\maven-cangku\io\projectreactor\netty\reactor-netty-http\1.2.4\reactor-netty-http-1.2.4.jar;F:\java\repository2\maven-cangku\io\netty\netty-codec-http\4.1.119.Final\netty-codec-http-4.1.119.Final.jar;F:\java\repository2\maven-cangku\io\netty\netty-common\4.1.119.Final\netty-common-4.1.119.Final.jar;F:\java\repository2\maven-cangku\io\netty\netty-buffer\4.1.119.Final\netty-buffer-4.1.119.Final.jar;F:\java\repository2\maven-cangku\io\netty\netty-transport\4.1.119.Final\netty-transport-4.1.119.Final.jar;F:\java\repository2\maven-cangku\io\netty\netty-codec\4.1.119.Final\netty-codec-4.1.119.Final.jar;F:\java\repository2\maven-cangku\io\netty\netty-handler\4.1.119.Final\netty-handler-4.1.119.Final.jar;F:\java\repository2\maven-cangku\io\netty\netty-codec-http2\4.1.119.Final\netty-codec-http2-4.1.119.Final.jar;F:\java\repository2\maven-cangku\io\netty\netty-resolver-dns\4.1.119.Final\netty-resolver-dns-4.1.119.Final.jar;F:\java\repository2\maven-cangku\io\netty\netty-resolver\4.1.119.Final\netty-resolver-4.1.119.Final.jar;F:\java\repository2\maven-cangku\io\netty\netty-codec-dns\4.1.119.Final\netty-codec-dns-4.1.119.Final.jar;F:\java\repository2\maven-cangku\io\netty\netty-resolver-dns-native-macos\4.1.119.Final\netty-resolver-dns-native-macos-4.1.119.Final-osx-x86_64.jar;F:\java\repository2\maven-cangku\io\netty\netty-resolver-dns-classes-macos\4.1.119.Final\netty-resolver-dns-classes-macos-4.1.119.Final.jar;F:\java\repository2\maven-cangku\io\netty\netty-transport-native-epoll\4.1.119.Final\netty-transport-native-epoll-4.1.119.Final-linux-x86_64.jar;F:\java\repository2\maven-cangku\io\netty\netty-transport-native-unix-common\4.1.119.Final\netty-transport-native-unix-common-4.1.119.Final.jar;F:\java\repository2\maven-cangku\io\netty\netty-transport-classes-epoll\4.1.119.Final\netty-transport-classes-epoll-4.1.119.Final.jar;F:\java\repository2\maven-cangku\io\projectreactor\netty\reactor-netty-core\1.2.4\reactor-netty-core-1.2.4.jar;F:\java\repository2\maven-cangku\io\netty\netty-handler-proxy\4.1.119.Final\netty-handler-proxy-4.1.119.Final.jar;F:\java\repository2\maven-cangku\io\netty\netty-codec-socks\4.1.119.Final\netty-codec-socks-4.1.119.Final.jar;F:\java\repository2\maven-cangku\org\springframework\spring-web\6.2.5\spring-web-6.2.5.jar;F:\java\repository2\maven-cangku\org\springframework\spring-beans\6.2.5\spring-beans-6.2.5.jar;F:\java\repository2\maven-cangku\io\micrometer\micrometer-observation\1.14.5\micrometer-observation-1.14.5.jar;F:\java\repository2\maven-cangku\io\micrometer\micrometer-commons\1.14.5\micrometer-commons-1.14.5.jar;F:\java\repository2\maven-cangku\org\springframework\spring-webflux\6.2.5\spring-webflux-6.2.5.jar;F:\java\repository2\maven-cangku\junit\junit\4.13.2\junit-4.13.2.jar;F:\java\repository2\maven-cangku\org\hamcrest\hamcrest-core\2.2\hamcrest-core-2.2.jar;F:\java\repository2\maven-cangku\org\hamcrest\hamcrest\2.2\hamcrest-2.2.jar;"/>
    <property name="java.vm.vendor" value="Oracle Corporation"/>
    <property name="sun.arch.data.model" value="64"/>
    <property name="user.variant" value=""/>
    <property name="java.vendor.url" value="https://java.oracle.com/"/>
    <property name="user.timezone" value="Asia/Shanghai"/>
    <property name="os.name" value="Windows 10"/>
    <property name="java.vm.specification.version" value="17"/>
    <property name="sun.java.launcher" value="SUN_STANDARD"/>
    <property name="user.country" value="CN"/>
    <property name="sun.boot.library.path" value="F:\Java\jdk-17.0.8\bin"/>
    <property name="sun.java.command" value="C:\Users\HP-PC\AppData\Local\Temp\surefire95440489267348103\surefirebooter-20250324222934737_3.jar C:\Users\HP-PC\AppData\Local\Temp\surefire95440489267348103 2025-03-24T22-29-32_984-jvmRun1 surefire-20250324222934737_1tmp surefire_0-20250324222934737_2tmp"/>
    <property name="jdk.debug" value="release"/>
    <property name="surefire.test.class.path" value="F:\Working\PrivateWealthSuite\gateway-service\target\test-classes;F:\Working\PrivateWealthSuite\gateway-service\target\classes;F:\java\repository2\maven-cangku\org\springframework\cloud\spring-cloud-starter-gateway\4.2.1\spring-cloud-starter-gateway-4.2.1.jar;F:\java\repository2\maven-cangku\org\springframework\cloud\spring-cloud-starter\4.2.1\spring-cloud-starter-4.2.1.jar;F:\java\repository2\maven-cangku\org\springframework\boot\spring-boot-starter\3.4.4\spring-boot-starter-3.4.4.jar;F:\java\repository2\maven-cangku\org\springframework\boot\spring-boot\3.4.4\spring-boot-3.4.4.jar;F:\java\repository2\maven-cangku\org\springframework\spring-context\6.2.5\spring-context-6.2.5.jar;F:\java\repository2\maven-cangku\org\springframework\spring-aop\6.2.5\spring-aop-6.2.5.jar;F:\java\repository2\maven-cangku\org\springframework\spring-expression\6.2.5\spring-expression-6.2.5.jar;F:\java\repository2\maven-cangku\org\springframework\boot\spring-boot-autoconfigure\3.4.4\spring-boot-autoconfigure-3.4.4.jar;F:\java\repository2\maven-cangku\org\springframework\boot\spring-boot-starter-logging\3.4.4\spring-boot-starter-logging-3.4.4.jar;F:\java\repository2\maven-cangku\ch\qos\logback\logback-classic\1.5.18\logback-classic-1.5.18.jar;F:\java\repository2\maven-cangku\ch\qos\logback\logback-core\1.5.18\logback-core-1.5.18.jar;F:\java\repository2\maven-cangku\org\slf4j\slf4j-api\2.0.17\slf4j-api-2.0.17.jar;F:\java\repository2\maven-cangku\org\apache\logging\log4j\log4j-to-slf4j\2.24.3\log4j-to-slf4j-2.24.3.jar;F:\java\repository2\maven-cangku\org\apache\logging\log4j\log4j-api\2.24.3\log4j-api-2.24.3.jar;F:\java\repository2\maven-cangku\org\slf4j\jul-to-slf4j\2.0.17\jul-to-slf4j-2.0.17.jar;F:\java\repository2\maven-cangku\jakarta\annotation\jakarta.annotation-api\2.1.1\jakarta.annotation-api-2.1.1.jar;F:\java\repository2\maven-cangku\org\springframework\spring-core\6.2.5\spring-core-6.2.5.jar;F:\java\repository2\maven-cangku\org\springframework\spring-jcl\6.2.5\spring-jcl-6.2.5.jar;F:\java\repository2\maven-cangku\org\yaml\snakeyaml\2.3\snakeyaml-2.3.jar;F:\java\repository2\maven-cangku\org\springframework\cloud\spring-cloud-context\4.2.1\spring-cloud-context-4.2.1.jar;F:\java\repository2\maven-cangku\org\springframework\security\spring-security-crypto\6.4.4\spring-security-crypto-6.4.4.jar;F:\java\repository2\maven-cangku\org\springframework\cloud\spring-cloud-commons\4.2.1\spring-cloud-commons-4.2.1.jar;F:\java\repository2\maven-cangku\org\bouncycastle\bcprov-jdk18on\1.78.1\bcprov-jdk18on-1.78.1.jar;F:\java\repository2\maven-cangku\org\springframework\cloud\spring-cloud-gateway-server\4.2.1\spring-cloud-gateway-server-4.2.1.jar;F:\java\repository2\maven-cangku\org\springframework\boot\spring-boot-starter-validation\3.4.4\spring-boot-starter-validation-3.4.4.jar;F:\java\repository2\maven-cangku\org\apache\tomcat\embed\tomcat-embed-el\10.1.39\tomcat-embed-el-10.1.39.jar;F:\java\repository2\maven-cangku\org\hibernate\validator\hibernate-validator\8.0.2.Final\hibernate-validator-8.0.2.Final.jar;F:\java\repository2\maven-cangku\jakarta\validation\jakarta.validation-api\3.0.2\jakarta.validation-api-3.0.2.jar;F:\java\repository2\maven-cangku\org\jboss\logging\jboss-logging\3.6.1.Final\jboss-logging-3.6.1.Final.jar;F:\java\repository2\maven-cangku\com\fasterxml\classmate\1.7.0\classmate-1.7.0.jar;F:\java\repository2\maven-cangku\io\projectreactor\addons\reactor-extra\3.5.2\reactor-extra-3.5.2.jar;F:\java\repository2\maven-cangku\io\projectreactor\reactor-core\3.7.4\reactor-core-3.7.4.jar;F:\java\repository2\maven-cangku\org\reactivestreams\reactive-streams\1.0.4\reactive-streams-1.0.4.jar;F:\java\repository2\maven-cangku\org\springframework\boot\spring-boot-starter-webflux\3.4.4\spring-boot-starter-webflux-3.4.4.jar;F:\java\repository2\maven-cangku\org\springframework\boot\spring-boot-starter-json\3.4.4\spring-boot-starter-json-3.4.4.jar;F:\java\repository2\maven-cangku\com\fasterxml\jackson\core\jackson-databind\2.18.3\jackson-databind-2.18.3.jar;F:\java\repository2\maven-cangku\com\fasterxml\jackson\core\jackson-annotations\2.18.3\jackson-annotations-2.18.3.jar;F:\java\repository2\maven-cangku\com\fasterxml\jackson\core\jackson-core\2.18.3\jackson-core-2.18.3.jar;F:\java\repository2\maven-cangku\com\fasterxml\jackson\datatype\jackson-datatype-jdk8\2.18.3\jackson-datatype-jdk8-2.18.3.jar;F:\java\repository2\maven-cangku\com\fasterxml\jackson\datatype\jackson-datatype-jsr310\2.18.3\jackson-datatype-jsr310-2.18.3.jar;F:\java\repository2\maven-cangku\com\fasterxml\jackson\module\jackson-module-parameter-names\2.18.3\jackson-module-parameter-names-2.18.3.jar;F:\java\repository2\maven-cangku\org\springframework\boot\spring-boot-starter-reactor-netty\3.4.4\spring-boot-starter-reactor-netty-3.4.4.jar;F:\java\repository2\maven-cangku\io\projectreactor\netty\reactor-netty-http\1.2.4\reactor-netty-http-1.2.4.jar;F:\java\repository2\maven-cangku\io\netty\netty-codec-http\4.1.119.Final\netty-codec-http-4.1.119.Final.jar;F:\java\repository2\maven-cangku\io\netty\netty-common\4.1.119.Final\netty-common-4.1.119.Final.jar;F:\java\repository2\maven-cangku\io\netty\netty-buffer\4.1.119.Final\netty-buffer-4.1.119.Final.jar;F:\java\repository2\maven-cangku\io\netty\netty-transport\4.1.119.Final\netty-transport-4.1.119.Final.jar;F:\java\repository2\maven-cangku\io\netty\netty-codec\4.1.119.Final\netty-codec-4.1.119.Final.jar;F:\java\repository2\maven-cangku\io\netty\netty-handler\4.1.119.Final\netty-handler-4.1.119.Final.jar;F:\java\repository2\maven-cangku\io\netty\netty-codec-http2\4.1.119.Final\netty-codec-http2-4.1.119.Final.jar;F:\java\repository2\maven-cangku\io\netty\netty-resolver-dns\4.1.119.Final\netty-resolver-dns-4.1.119.Final.jar;F:\java\repository2\maven-cangku\io\netty\netty-resolver\4.1.119.Final\netty-resolver-4.1.119.Final.jar;F:\java\repository2\maven-cangku\io\netty\netty-codec-dns\4.1.119.Final\netty-codec-dns-4.1.119.Final.jar;F:\java\repository2\maven-cangku\io\netty\netty-resolver-dns-native-macos\4.1.119.Final\netty-resolver-dns-native-macos-4.1.119.Final-osx-x86_64.jar;F:\java\repository2\maven-cangku\io\netty\netty-resolver-dns-classes-macos\4.1.119.Final\netty-resolver-dns-classes-macos-4.1.119.Final.jar;F:\java\repository2\maven-cangku\io\netty\netty-transport-native-epoll\4.1.119.Final\netty-transport-native-epoll-4.1.119.Final-linux-x86_64.jar;F:\java\repository2\maven-cangku\io\netty\netty-transport-native-unix-common\4.1.119.Final\netty-transport-native-unix-common-4.1.119.Final.jar;F:\java\repository2\maven-cangku\io\netty\netty-transport-classes-epoll\4.1.119.Final\netty-transport-classes-epoll-4.1.119.Final.jar;F:\java\repository2\maven-cangku\io\projectreactor\netty\reactor-netty-core\1.2.4\reactor-netty-core-1.2.4.jar;F:\java\repository2\maven-cangku\io\netty\netty-handler-proxy\4.1.119.Final\netty-handler-proxy-4.1.119.Final.jar;F:\java\repository2\maven-cangku\io\netty\netty-codec-socks\4.1.119.Final\netty-codec-socks-4.1.119.Final.jar;F:\java\repository2\maven-cangku\org\springframework\spring-web\6.2.5\spring-web-6.2.5.jar;F:\java\repository2\maven-cangku\org\springframework\spring-beans\6.2.5\spring-beans-6.2.5.jar;F:\java\repository2\maven-cangku\io\micrometer\micrometer-observation\1.14.5\micrometer-observation-1.14.5.jar;F:\java\repository2\maven-cangku\io\micrometer\micrometer-commons\1.14.5\micrometer-commons-1.14.5.jar;F:\java\repository2\maven-cangku\org\springframework\spring-webflux\6.2.5\spring-webflux-6.2.5.jar;F:\java\repository2\maven-cangku\junit\junit\4.13.2\junit-4.13.2.jar;F:\java\repository2\maven-cangku\org\hamcrest\hamcrest-core\2.2\hamcrest-core-2.2.jar;F:\java\repository2\maven-cangku\org\hamcrest\hamcrest\2.2\hamcrest-2.2.jar;"/>
    <property name="sun.cpu.endian" value="little"/>
    <property name="user.home" value="C:\Users\HP-PC"/>
    <property name="user.language" value="zh"/>
    <property name="java.specification.vendor" value="Oracle Corporation"/>
    <property name="java.version.date" value="2023-07-18"/>
    <property name="java.home" value="F:\Java\jdk-17.0.8"/>
    <property name="file.separator" value="\"/>
    <property name="basedir" value="F:\Working\PrivateWealthSuite\gateway-service"/>
    <property name="java.vm.compressedOopsMode" value="Zero based"/>
    <property name="line.separator" value="&#10;"/>
    <property name="java.vm.specification.vendor" value="Oracle Corporation"/>
    <property name="java.specification.name" value="Java Platform API Specification"/>
    <property name="surefire.real.class.path" value="C:\Users\HP-PC\AppData\Local\Temp\surefire95440489267348103\surefirebooter-20250324222934737_3.jar"/>
    <property name="user.script" value=""/>
    <property name="sun.management.compiler" value="HotSpot 64-Bit Tiered Compilers"/>
    <property name="java.runtime.version" value="17.0.8+9-LTS-211"/>
    <property name="user.name" value="HP-PC"/>
    <property name="path.separator" value=";"/>
    <property name="os.version" value="10.0"/>
    <property name="java.runtime.name" value="Java(TM) SE Runtime Environment"/>
    <property name="file.encoding" value="GBK"/>
    <property name="java.vm.name" value="Java HotSpot(TM) 64-Bit Server VM"/>
    <property name="localRepository" value="F:\java\repository2\maven-cangku"/>
    <property name="java.vendor.url.bug" value="https://bugreport.java.com/bugreport/"/>
    <property name="java.io.tmpdir" value="C:\Users\HP-PC\AppData\Local\Temp\"/>
    <property name="idea.version" value="2021.3.2"/>
    <property name="java.version" value="17.0.8"/>
    <property name="user.dir" value="F:\Working\PrivateWealthSuite\gateway-service"/>
    <property name="os.arch" value="amd64"/>
    <property name="java.vm.specification.name" value="Java Virtual Machine Specification"/>
    <property name="sun.os.patch.level" value=""/>
    <property name="native.encoding" value="GBK"/>
    <property name="java.library.path" value="F:\Java\jdk-17.0.8\bin;C:\windows\Sun\Java\bin;C:\windows\system32;C:\windows;C:\Program Files\Common Files\Oracle\Java\javapath;C:\ProgramData\Oracle\Java\javapath;F:\java\Linux\bin\;C:\Program Files\Microsoft MPI\Bin\;C:\windows\system32;C:\windows;C:\windows\System32\Wbem;C:\windows\System32\WindowsPowerShell\v1.0\;C:\windows\System32\OpenSSH\;C:\Program Files\Azure Data Studio\bin;C:\Program Files (x86)\Microsoft SQL Server\150\Tools\Binn\;C:\Program Files\Microsoft SQL Server\150\Tools\Binn\;C:\Program Files (x86)\Microsoft SQL Server\150\DTS\Binn\;C:\Program Files\Microsoft SQL Server\150\DTS\Binn\;C:\Program Files\Microsoft SQL Server\Client SDK\ODBC\170\Tools\Binn\;C:\Program Files\Bandizip\;F:\Program Files  JAVA\apache-tomcat-9.0.65\bin\;\;传\EasyShare\x64\;Program Files\Git\cmd;F:\MySQL\navicat\bin;F:\java\apache-maven-3.9.9\bin;F:\python\py3.8\;C:\Pro;ram Files\nodejs\;E:\互传\EasyShare\x86\;E;\互传\EasyShare\x64\;F:\java\Git\Git\cmd;F:\wexin_devtools\微信web开发者工具\dll;F:\java\mysql-5.5.7\bin;F:\java\mysql\bin;F:\java\mysql5.5\bin;F:\java\JMeter\apache-jmeter-5.6.3\bin;D:\soft\Pandoc_md_word\;F:\java\nodejs-16.20.2;F:\java\nodejs-16.20.2\node_global;F:\java\nodejs-16.20.2\node_cache;F:\java\nodejs-16.20.2\;F:\java\jdk-17.0.8\bin;F:\python\py\Scripts\;F:\python\py\;C:\Users\HP-PC\AppData\Local\Microsoft\WindowsApps;;C:\Program Files\Azure Data Studio\bin;F:\IDEA\idea 2021.3.2\IntelliJ IDEA 2021.3.2\bin;;D:\VS code\VS code\Microsoft VS Code\bin;F:\python\pycharm\PyCharm 2021.2.4\bin;;C:\Users\HP-PC\AppData\Local\Programs\Microsoft VS Code\bin;C:\Users\HP-PC\AppData\Roaming\npm;."/>
    <property name="java.vm.info" value="mixed mode, sharing"/>
    <property name="java.vendor" value="Oracle Corporation"/>
    <property name="java.vm.version" value="17.0.8+9-LTS-211"/>
    <property name="sun.io.unicode.encoding" value="UnicodeLittle"/>
    <property name="maven.repo.local" value="F:\java\repository2\maven-cangku"/>
    <property name="java.class.version" value="61.0"/>
  </properties>
  <testcase name="testApp" classname="com.alxy.AppTest" time="0.002"/>
</testsuite>