<?xml version="1.0" encoding="UTF-8"?>
<testsuite xmlns:xsi="http://www.w3.org/2001/XMLSchema-instance" xsi:noNamespaceSchemaLocation="https://maven.apache.org/surefire/maven-surefire-plugin/xsd/surefire-test-report.xsd" version="3.0.2" name="com.alxy.AppTest" time="0.017" tests="1" errors="0" skipped="0" failures="0">
  <properties>
    <property name="java.specification.version" value="17"/>
    <property name="sun.cpu.isalist" value="amd64"/>
    <property name="sun.jnu.encoding" value="GBK"/>
    <property name="java.class.path" value="F:\Working\PrivateWealthSuite\discovery-service\target\test-classes;F:\Working\PrivateWealthSuite\discovery-service\target\classes;F:\java\repository2\maven-cangku\org\springframework\cloud\spring-cloud-starter-netflix-eureka-server\4.2.1\spring-cloud-starter-netflix-eureka-server-4.2.1.jar;F:\java\repository2\maven-cangku\org\springframework\cloud\spring-cloud-starter\4.2.1\spring-cloud-starter-4.2.1.jar;F:\java\repository2\maven-cangku\org\springframework\boot\spring-boot-starter\3.4.4\spring-boot-starter-3.4.4.jar;F:\java\repository2\maven-cangku\org\springframework\boot\spring-boot\3.4.4\spring-boot-3.4.4.jar;F:\java\repository2\maven-cangku\org\springframework\boot\spring-boot-autoconfigure\3.4.4\spring-boot-autoconfigure-3.4.4.jar;F:\java\repository2\maven-cangku\org\springframework\boot\spring-boot-starter-logging\3.4.4\spring-boot-starter-logging-3.4.4.jar;F:\java\repository2\maven-cangku\ch\qos\logback\logback-classic\1.5.18\logback-classic-1.5.18.jar;F:\java\repository2\maven-cangku\ch\qos\logback\logback-core\1.5.18\logback-core-1.5.18.jar;F:\java\repository2\maven-cangku\org\apache\logging\log4j\log4j-to-slf4j\2.24.3\log4j-to-slf4j-2.24.3.jar;F:\java\repository2\maven-cangku\org\apache\logging\log4j\log4j-api\2.24.3\log4j-api-2.24.3.jar;F:\java\repository2\maven-cangku\org\slf4j\jul-to-slf4j\2.0.17\jul-to-slf4j-2.0.17.jar;F:\java\repository2\maven-cangku\jakarta\annotation\jakarta.annotation-api\2.1.1\jakarta.annotation-api-2.1.1.jar;F:\java\repository2\maven-cangku\org\springframework\spring-core\6.2.5\spring-core-6.2.5.jar;F:\java\repository2\maven-cangku\org\springframework\spring-jcl\6.2.5\spring-jcl-6.2.5.jar;F:\java\repository2\maven-cangku\org\yaml\snakeyaml\2.3\snakeyaml-2.3.jar;F:\java\repository2\maven-cangku\org\springframework\cloud\spring-cloud-context\4.2.1\spring-cloud-context-4.2.1.jar;F:\java\repository2\maven-cangku\org\springframework\security\spring-security-crypto\6.4.4\spring-security-crypto-6.4.4.jar;F:\java\repository2\maven-cangku\org\springframework\cloud\spring-cloud-commons\4.2.1\spring-cloud-commons-4.2.1.jar;F:\java\repository2\maven-cangku\org\bouncycastle\bcprov-jdk18on\1.78.1\bcprov-jdk18on-1.78.1.jar;F:\java\repository2\maven-cangku\org\springframework\cloud\spring-cloud-netflix-eureka-server\4.2.1\spring-cloud-netflix-eureka-server-4.2.1.jar;F:\java\repository2\maven-cangku\org\springframework\boot\spring-boot-starter-web\3.4.4\spring-boot-starter-web-3.4.4.jar;F:\java\repository2\maven-cangku\org\springframework\boot\spring-boot-starter-json\3.4.4\spring-boot-starter-json-3.4.4.jar;F:\java\repository2\maven-cangku\com\fasterxml\jackson\datatype\jackson-datatype-jdk8\2.18.3\jackson-datatype-jdk8-2.18.3.jar;F:\java\repository2\maven-cangku\com\fasterxml\jackson\datatype\jackson-datatype-jsr310\2.18.3\jackson-datatype-jsr310-2.18.3.jar;F:\java\repository2\maven-cangku\com\fasterxml\jackson\module\jackson-module-parameter-names\2.18.3\jackson-module-parameter-names-2.18.3.jar;F:\java\repository2\maven-cangku\org\springframework\boot\spring-boot-starter-tomcat\3.4.4\spring-boot-starter-tomcat-3.4.4.jar;F:\java\repository2\maven-cangku\org\apache\tomcat\embed\tomcat-embed-core\10.1.39\tomcat-embed-core-10.1.39.jar;F:\java\repository2\maven-cangku\org\apache\tomcat\embed\tomcat-embed-el\10.1.39\tomcat-embed-el-10.1.39.jar;F:\java\repository2\maven-cangku\org\apache\tomcat\embed\tomcat-embed-websocket\10.1.39\tomcat-embed-websocket-10.1.39.jar;F:\java\repository2\maven-cangku\org\springframework\spring-web\6.2.5\spring-web-6.2.5.jar;F:\java\repository2\maven-cangku\org\springframework\spring-beans\6.2.5\spring-beans-6.2.5.jar;F:\java\repository2\maven-cangku\org\springframework\spring-webmvc\6.2.5\spring-webmvc-6.2.5.jar;F:\java\repository2\maven-cangku\org\springframework\spring-aop\6.2.5\spring-aop-6.2.5.jar;F:\java\repository2\maven-cangku\org\springframework\spring-expression\6.2.5\spring-expression-6.2.5.jar;F:\java\repository2\maven-cangku\org\springframework\boot\spring-boot-starter-actuator\3.4.4\spring-boot-starter-actuator-3.4.4.jar;F:\java\repository2\maven-cangku\org\springframework\boot\spring-boot-actuator-autoconfigure\3.4.4\spring-boot-actuator-autoconfigure-3.4.4.jar;F:\java\repository2\maven-cangku\org\springframework\boot\spring-boot-actuator\3.4.4\spring-boot-actuator-3.4.4.jar;F:\java\repository2\maven-cangku\io\micrometer\micrometer-observation\1.14.5\micrometer-observation-1.14.5.jar;F:\java\repository2\maven-cangku\io\micrometer\micrometer-commons\1.14.5\micrometer-commons-1.14.5.jar;F:\java\repository2\maven-cangku\io\micrometer\micrometer-jakarta9\1.14.5\micrometer-jakarta9-1.14.5.jar;F:\java\repository2\maven-cangku\io\micrometer\micrometer-core\1.14.5\micrometer-core-1.14.5.jar;F:\java\repository2\maven-cangku\org\hdrhistogram\HdrHistogram\2.2.2\HdrHistogram-2.2.2.jar;F:\java\repository2\maven-cangku\org\latencyutils\LatencyUtils\2.0.3\LatencyUtils-2.0.3.jar;F:\java\repository2\maven-cangku\org\springframework\boot\spring-boot-starter-freemarker\3.4.4\spring-boot-starter-freemarker-3.4.4.jar;F:\java\repository2\maven-cangku\org\freemarker\freemarker\2.3.34\freemarker-2.3.34.jar;F:\java\repository2\maven-cangku\org\springframework\spring-context-support\6.2.5\spring-context-support-6.2.5.jar;F:\java\repository2\maven-cangku\org\springframework\cloud\spring-cloud-netflix-eureka-client\4.2.1\spring-cloud-netflix-eureka-client-4.2.1.jar;F:\java\repository2\maven-cangku\com\netflix\eureka\eureka-client\2.0.4\eureka-client-2.0.4.jar;F:\java\repository2\maven-cangku\com\thoughtworks\xstream\xstream\1.4.20\xstream-1.4.20.jar;F:\java\repository2\maven-cangku\io\github\x-stream\mxparser\1.2.2\mxparser-1.2.2.jar;F:\java\repository2\maven-cangku\xmlpull\xmlpull\1.1.3.1\xmlpull-1.1.3.1.jar;F:\java\repository2\maven-cangku\com\netflix\spectator\spectator-api\1.7.3\spectator-api-1.7.3.jar;F:\java\repository2\maven-cangku\org\slf4j\slf4j-api\2.0.17\slf4j-api-2.0.17.jar;F:\java\repository2\maven-cangku\org\apache\httpcomponents\httpclient\4.5.3\httpclient-4.5.3.jar;F:\java\repository2\maven-cangku\org\apache\httpcomponents\httpcore\4.4.16\httpcore-4.4.16.jar;F:\java\repository2\maven-cangku\commons-configuration\commons-configuration\1.10\commons-configuration-1.10.jar;F:\java\repository2\maven-cangku\commons-lang\commons-lang\2.6\commons-lang-2.6.jar;F:\java\repository2\maven-cangku\com\netflix\netflix-commons\netflix-eventbus\0.3.0\netflix-eventbus-0.3.0.jar;F:\java\repository2\maven-cangku\com\netflix\netflix-commons\netflix-infix\0.3.0\netflix-infix-0.3.0.jar;F:\java\repository2\maven-cangku\commons-jxpath\commons-jxpath\1.3\commons-jxpath-1.3.jar;F:\java\repository2\maven-cangku\joda-time\joda-time\2.3\joda-time-2.3.jar;F:\java\repository2\maven-cangku\org\antlr\antlr-runtime\3.4\antlr-runtime-3.4.jar;F:\java\repository2\maven-cangku\org\antlr\stringtemplate\3.2.1\stringtemplate-3.2.1.jar;F:\java\repository2\maven-cangku\antlr\antlr\2.7.7\antlr-2.7.7.jar;F:\java\repository2\maven-cangku\com\google\code\gson\gson\2.11.0\gson-2.11.0.jar;F:\java\repository2\maven-cangku\com\netflix\servo\servo-core\0.5.3\servo-core-0.5.3.jar;F:\java\repository2\maven-cangku\org\apache\commons\commons-math\2.2\commons-math-2.2.jar;F:\java\repository2\maven-cangku\javax\annotation\javax.annotation-api\1.2\javax.annotation-api-1.2.jar;F:\java\repository2\maven-cangku\org\codehaus\jettison\jettison\1.5.4\jettison-1.5.4.jar;F:\java\repository2\maven-cangku\org\apache\httpcomponents\client5\httpclient5\5.4.2\httpclient5-5.4.2.jar;F:\java\repository2\maven-cangku\org\apache\httpcomponents\core5\httpcore5\5.3.3\httpcore5-5.3.3.jar;F:\java\repository2\maven-cangku\org\apache\httpcomponents\core5\httpcore5-h2\5.3.3\httpcore5-h2-5.3.3.jar;F:\java\repository2\maven-cangku\com\netflix\eureka\eureka-client-jersey3\2.0.4\eureka-client-jersey3-2.0.4.jar;F:\java\repository2\maven-cangku\org\glassfish\jersey\connectors\jersey-apache-connector\3.1.10\jersey-apache-connector-3.1.10.jar;F:\java\repository2\maven-cangku\commons-codec\commons-codec\1.17.2\commons-codec-1.17.2.jar;F:\java\repository2\maven-cangku\com\netflix\eureka\eureka-core-jersey3\2.0.4\eureka-core-jersey3-2.0.4.jar;F:\java\repository2\maven-cangku\com\netflix\eureka\eureka-core\2.0.4\eureka-core-2.0.4.jar;F:\java\repository2\maven-cangku\com\google\guava\guava\33.0.0-jre\guava-33.0.0-jre.jar;F:\java\repository2\maven-cangku\com\google\guava\failureaccess\1.0.2\failureaccess-1.0.2.jar;F:\java\repository2\maven-cangku\com\google\guava\listenablefuture\9999.0-empty-to-avoid-conflict-with-guava\listenablefuture-9999.0-empty-to-avoid-conflict-with-guava.jar;F:\java\repository2\maven-cangku\org\checkerframework\checker-qual\3.41.0\checker-qual-3.41.0.jar;F:\java\repository2\maven-cangku\com\google\errorprone\error_prone_annotations\2.23.0\error_prone_annotations-2.23.0.jar;F:\java\repository2\maven-cangku\com\google\j2objc\j2objc-annotations\2.8\j2objc-annotations-2.8.jar;F:\java\repository2\maven-cangku\org\glassfish\jersey\containers\jersey-container-servlet\3.1.10\jersey-container-servlet-3.1.10.jar;F:\java\repository2\maven-cangku\org\glassfish\jersey\containers\jersey-container-servlet-core\3.1.10\jersey-container-servlet-core-3.1.10.jar;F:\java\repository2\maven-cangku\org\glassfish\jersey\core\jersey-common\3.1.10\jersey-common-3.1.10.jar;F:\java\repository2\maven-cangku\org\glassfish\hk2\osgi-resource-locator\1.0.3\osgi-resource-locator-1.0.3.jar;F:\java\repository2\maven-cangku\jakarta\ws\rs\jakarta.ws.rs-api\3.1.0\jakarta.ws.rs-api-3.1.0.jar;F:\java\repository2\maven-cangku\org\glassfish\jersey\core\jersey-server\3.1.10\jersey-server-3.1.10.jar;F:\java\repository2\maven-cangku\jakarta\inject\jakarta.inject-api\2.0.1\jakarta.inject-api-2.0.1.jar;F:\java\repository2\maven-cangku\jakarta\validation\jakarta.validation-api\3.0.2\jakarta.validation-api-3.0.2.jar;F:\java\repository2\maven-cangku\org\glassfish\jersey\core\jersey-client\3.1.10\jersey-client-3.1.10.jar;F:\java\repository2\maven-cangku\org\glassfish\jersey\inject\jersey-hk2\3.1.10\jersey-hk2-3.1.10.jar;F:\java\repository2\maven-cangku\org\glassfish\hk2\hk2-locator\3.0.6\hk2-locator-3.0.6.jar;F:\java\repository2\maven-cangku\org\glassfish\hk2\hk2-utils\3.0.6\hk2-utils-3.0.6.jar;F:\java\repository2\maven-cangku\org\javassist\javassist\3.30.2-GA\javassist-3.30.2-GA.jar;F:\java\repository2\maven-cangku\org\glassfish\hk2\spring-bridge\3.1.1\spring-bridge-3.1.1.jar;F:\java\repository2\maven-cangku\org\glassfish\hk2\hk2-api\3.1.1\hk2-api-3.1.1.jar;F:\java\repository2\maven-cangku\org\springframework\spring-context\6.2.5\spring-context-6.2.5.jar;F:\java\repository2\maven-cangku\com\fasterxml\jackson\dataformat\jackson-dataformat-xml\2.18.3\jackson-dataformat-xml-2.18.3.jar;F:\java\repository2\maven-cangku\com\fasterxml\jackson\core\jackson-core\2.18.3\jackson-core-2.18.3.jar;F:\java\repository2\maven-cangku\com\fasterxml\jackson\core\jackson-annotations\2.18.3\jackson-annotations-2.18.3.jar;F:\java\repository2\maven-cangku\com\fasterxml\jackson\core\jackson-databind\2.18.3\jackson-databind-2.18.3.jar;F:\java\repository2\maven-cangku\org\codehaus\woodstox\stax2-api\4.2.2\stax2-api-4.2.2.jar;F:\java\repository2\maven-cangku\com\fasterxml\woodstox\woodstox-core\7.0.0\woodstox-core-7.0.0.jar;F:\java\repository2\maven-cangku\org\springframework\cloud\spring-cloud-starter-loadbalancer\4.2.1\spring-cloud-starter-loadbalancer-4.2.1.jar;F:\java\repository2\maven-cangku\org\springframework\cloud\spring-cloud-loadbalancer\4.2.1\spring-cloud-loadbalancer-4.2.1.jar;F:\java\repository2\maven-cangku\io\projectreactor\reactor-core\3.7.4\reactor-core-3.7.4.jar;F:\java\repository2\maven-cangku\org\reactivestreams\reactive-streams\1.0.4\reactive-streams-1.0.4.jar;F:\java\repository2\maven-cangku\io\projectreactor\addons\reactor-extra\3.5.2\reactor-extra-3.5.2.jar;F:\java\repository2\maven-cangku\org\springframework\boot\spring-boot-starter-cache\3.4.4\spring-boot-starter-cache-3.4.4.jar;F:\java\repository2\maven-cangku\com\stoyanr\evictor\1.0.0\evictor-1.0.0.jar;F:\java\repository2\maven-cangku\org\glassfish\jaxb\jaxb-runtime\4.0.5\jaxb-runtime-4.0.5.jar;F:\java\repository2\maven-cangku\org\glassfish\jaxb\jaxb-core\4.0.5\jaxb-core-4.0.5.jar;F:\java\repository2\maven-cangku\jakarta\xml\bind\jakarta.xml.bind-api\4.0.2\jakarta.xml.bind-api-4.0.2.jar;F:\java\repository2\maven-cangku\jakarta\activation\jakarta.activation-api\2.1.3\jakarta.activation-api-2.1.3.jar;F:\java\repository2\maven-cangku\org\eclipse\angus\angus-activation\2.0.2\angus-activation-2.0.2.jar;F:\java\repository2\maven-cangku\org\glassfish\jaxb\txw2\4.0.5\txw2-4.0.5.jar;F:\java\repository2\maven-cangku\com\sun\istack\istack-commons-runtime\4.1.2\istack-commons-runtime-4.1.2.jar;F:\java\repository2\maven-cangku\junit\junit\3.8.1\junit-3.8.1.jar;"/>
    <property name="java.vm.vendor" value="Oracle Corporation"/>
    <property name="sun.arch.data.model" value="64"/>
    <property name="user.variant" value=""/>
    <property name="java.vendor.url" value="https://java.oracle.com/"/>
    <property name="user.timezone" value="Asia/Shanghai"/>
    <property name="os.name" value="Windows 10"/>
    <property name="java.vm.specification.version" value="17"/>
    <property name="sun.java.launcher" value="SUN_STANDARD"/>
    <property name="user.country" value="CN"/>
    <property name="sun.boot.library.path" value="F:\Java\jdk-17.0.8\bin"/>
    <property name="sun.java.command" value="C:\Users\HP-PC\AppData\Local\Temp\surefire1989034123821729822\surefirebooter-20250324222944166_6.jar C:\Users\HP-PC\AppData\Local\Temp\surefire1989034123821729822 2025-03-24T22-29-32_984-jvmRun1 surefire-20250324222944166_4tmp surefire_1-20250324222944166_5tmp"/>
    <property name="jdk.debug" value="release"/>
    <property name="surefire.test.class.path" value="F:\Working\PrivateWealthSuite\discovery-service\target\test-classes;F:\Working\PrivateWealthSuite\discovery-service\target\classes;F:\java\repository2\maven-cangku\org\springframework\cloud\spring-cloud-starter-netflix-eureka-server\4.2.1\spring-cloud-starter-netflix-eureka-server-4.2.1.jar;F:\java\repository2\maven-cangku\org\springframework\cloud\spring-cloud-starter\4.2.1\spring-cloud-starter-4.2.1.jar;F:\java\repository2\maven-cangku\org\springframework\boot\spring-boot-starter\3.4.4\spring-boot-starter-3.4.4.jar;F:\java\repository2\maven-cangku\org\springframework\boot\spring-boot\3.4.4\spring-boot-3.4.4.jar;F:\java\repository2\maven-cangku\org\springframework\boot\spring-boot-autoconfigure\3.4.4\spring-boot-autoconfigure-3.4.4.jar;F:\java\repository2\maven-cangku\org\springframework\boot\spring-boot-starter-logging\3.4.4\spring-boot-starter-logging-3.4.4.jar;F:\java\repository2\maven-cangku\ch\qos\logback\logback-classic\1.5.18\logback-classic-1.5.18.jar;F:\java\repository2\maven-cangku\ch\qos\logback\logback-core\1.5.18\logback-core-1.5.18.jar;F:\java\repository2\maven-cangku\org\apache\logging\log4j\log4j-to-slf4j\2.24.3\log4j-to-slf4j-2.24.3.jar;F:\java\repository2\maven-cangku\org\apache\logging\log4j\log4j-api\2.24.3\log4j-api-2.24.3.jar;F:\java\repository2\maven-cangku\org\slf4j\jul-to-slf4j\2.0.17\jul-to-slf4j-2.0.17.jar;F:\java\repository2\maven-cangku\jakarta\annotation\jakarta.annotation-api\2.1.1\jakarta.annotation-api-2.1.1.jar;F:\java\repository2\maven-cangku\org\springframework\spring-core\6.2.5\spring-core-6.2.5.jar;F:\java\repository2\maven-cangku\org\springframework\spring-jcl\6.2.5\spring-jcl-6.2.5.jar;F:\java\repository2\maven-cangku\org\yaml\snakeyaml\2.3\snakeyaml-2.3.jar;F:\java\repository2\maven-cangku\org\springframework\cloud\spring-cloud-context\4.2.1\spring-cloud-context-4.2.1.jar;F:\java\repository2\maven-cangku\org\springframework\security\spring-security-crypto\6.4.4\spring-security-crypto-6.4.4.jar;F:\java\repository2\maven-cangku\org\springframework\cloud\spring-cloud-commons\4.2.1\spring-cloud-commons-4.2.1.jar;F:\java\repository2\maven-cangku\org\bouncycastle\bcprov-jdk18on\1.78.1\bcprov-jdk18on-1.78.1.jar;F:\java\repository2\maven-cangku\org\springframework\cloud\spring-cloud-netflix-eureka-server\4.2.1\spring-cloud-netflix-eureka-server-4.2.1.jar;F:\java\repository2\maven-cangku\org\springframework\boot\spring-boot-starter-web\3.4.4\spring-boot-starter-web-3.4.4.jar;F:\java\repository2\maven-cangku\org\springframework\boot\spring-boot-starter-json\3.4.4\spring-boot-starter-json-3.4.4.jar;F:\java\repository2\maven-cangku\com\fasterxml\jackson\datatype\jackson-datatype-jdk8\2.18.3\jackson-datatype-jdk8-2.18.3.jar;F:\java\repository2\maven-cangku\com\fasterxml\jackson\datatype\jackson-datatype-jsr310\2.18.3\jackson-datatype-jsr310-2.18.3.jar;F:\java\repository2\maven-cangku\com\fasterxml\jackson\module\jackson-module-parameter-names\2.18.3\jackson-module-parameter-names-2.18.3.jar;F:\java\repository2\maven-cangku\org\springframework\boot\spring-boot-starter-tomcat\3.4.4\spring-boot-starter-tomcat-3.4.4.jar;F:\java\repository2\maven-cangku\org\apache\tomcat\embed\tomcat-embed-core\10.1.39\tomcat-embed-core-10.1.39.jar;F:\java\repository2\maven-cangku\org\apache\tomcat\embed\tomcat-embed-el\10.1.39\tomcat-embed-el-10.1.39.jar;F:\java\repository2\maven-cangku\org\apache\tomcat\embed\tomcat-embed-websocket\10.1.39\tomcat-embed-websocket-10.1.39.jar;F:\java\repository2\maven-cangku\org\springframework\spring-web\6.2.5\spring-web-6.2.5.jar;F:\java\repository2\maven-cangku\org\springframework\spring-beans\6.2.5\spring-beans-6.2.5.jar;F:\java\repository2\maven-cangku\org\springframework\spring-webmvc\6.2.5\spring-webmvc-6.2.5.jar;F:\java\repository2\maven-cangku\org\springframework\spring-aop\6.2.5\spring-aop-6.2.5.jar;F:\java\repository2\maven-cangku\org\springframework\spring-expression\6.2.5\spring-expression-6.2.5.jar;F:\java\repository2\maven-cangku\org\springframework\boot\spring-boot-starter-actuator\3.4.4\spring-boot-starter-actuator-3.4.4.jar;F:\java\repository2\maven-cangku\org\springframework\boot\spring-boot-actuator-autoconfigure\3.4.4\spring-boot-actuator-autoconfigure-3.4.4.jar;F:\java\repository2\maven-cangku\org\springframework\boot\spring-boot-actuator\3.4.4\spring-boot-actuator-3.4.4.jar;F:\java\repository2\maven-cangku\io\micrometer\micrometer-observation\1.14.5\micrometer-observation-1.14.5.jar;F:\java\repository2\maven-cangku\io\micrometer\micrometer-commons\1.14.5\micrometer-commons-1.14.5.jar;F:\java\repository2\maven-cangku\io\micrometer\micrometer-jakarta9\1.14.5\micrometer-jakarta9-1.14.5.jar;F:\java\repository2\maven-cangku\io\micrometer\micrometer-core\1.14.5\micrometer-core-1.14.5.jar;F:\java\repository2\maven-cangku\org\hdrhistogram\HdrHistogram\2.2.2\HdrHistogram-2.2.2.jar;F:\java\repository2\maven-cangku\org\latencyutils\LatencyUtils\2.0.3\LatencyUtils-2.0.3.jar;F:\java\repository2\maven-cangku\org\springframework\boot\spring-boot-starter-freemarker\3.4.4\spring-boot-starter-freemarker-3.4.4.jar;F:\java\repository2\maven-cangku\org\freemarker\freemarker\2.3.34\freemarker-2.3.34.jar;F:\java\repository2\maven-cangku\org\springframework\spring-context-support\6.2.5\spring-context-support-6.2.5.jar;F:\java\repository2\maven-cangku\org\springframework\cloud\spring-cloud-netflix-eureka-client\4.2.1\spring-cloud-netflix-eureka-client-4.2.1.jar;F:\java\repository2\maven-cangku\com\netflix\eureka\eureka-client\2.0.4\eureka-client-2.0.4.jar;F:\java\repository2\maven-cangku\com\thoughtworks\xstream\xstream\1.4.20\xstream-1.4.20.jar;F:\java\repository2\maven-cangku\io\github\x-stream\mxparser\1.2.2\mxparser-1.2.2.jar;F:\java\repository2\maven-cangku\xmlpull\xmlpull\1.1.3.1\xmlpull-1.1.3.1.jar;F:\java\repository2\maven-cangku\com\netflix\spectator\spectator-api\1.7.3\spectator-api-1.7.3.jar;F:\java\repository2\maven-cangku\org\slf4j\slf4j-api\2.0.17\slf4j-api-2.0.17.jar;F:\java\repository2\maven-cangku\org\apache\httpcomponents\httpclient\4.5.3\httpclient-4.5.3.jar;F:\java\repository2\maven-cangku\org\apache\httpcomponents\httpcore\4.4.16\httpcore-4.4.16.jar;F:\java\repository2\maven-cangku\commons-configuration\commons-configuration\1.10\commons-configuration-1.10.jar;F:\java\repository2\maven-cangku\commons-lang\commons-lang\2.6\commons-lang-2.6.jar;F:\java\repository2\maven-cangku\com\netflix\netflix-commons\netflix-eventbus\0.3.0\netflix-eventbus-0.3.0.jar;F:\java\repository2\maven-cangku\com\netflix\netflix-commons\netflix-infix\0.3.0\netflix-infix-0.3.0.jar;F:\java\repository2\maven-cangku\commons-jxpath\commons-jxpath\1.3\commons-jxpath-1.3.jar;F:\java\repository2\maven-cangku\joda-time\joda-time\2.3\joda-time-2.3.jar;F:\java\repository2\maven-cangku\org\antlr\antlr-runtime\3.4\antlr-runtime-3.4.jar;F:\java\repository2\maven-cangku\org\antlr\stringtemplate\3.2.1\stringtemplate-3.2.1.jar;F:\java\repository2\maven-cangku\antlr\antlr\2.7.7\antlr-2.7.7.jar;F:\java\repository2\maven-cangku\com\google\code\gson\gson\2.11.0\gson-2.11.0.jar;F:\java\repository2\maven-cangku\com\netflix\servo\servo-core\0.5.3\servo-core-0.5.3.jar;F:\java\repository2\maven-cangku\org\apache\commons\commons-math\2.2\commons-math-2.2.jar;F:\java\repository2\maven-cangku\javax\annotation\javax.annotation-api\1.2\javax.annotation-api-1.2.jar;F:\java\repository2\maven-cangku\org\codehaus\jettison\jettison\1.5.4\jettison-1.5.4.jar;F:\java\repository2\maven-cangku\org\apache\httpcomponents\client5\httpclient5\5.4.2\httpclient5-5.4.2.jar;F:\java\repository2\maven-cangku\org\apache\httpcomponents\core5\httpcore5\5.3.3\httpcore5-5.3.3.jar;F:\java\repository2\maven-cangku\org\apache\httpcomponents\core5\httpcore5-h2\5.3.3\httpcore5-h2-5.3.3.jar;F:\java\repository2\maven-cangku\com\netflix\eureka\eureka-client-jersey3\2.0.4\eureka-client-jersey3-2.0.4.jar;F:\java\repository2\maven-cangku\org\glassfish\jersey\connectors\jersey-apache-connector\3.1.10\jersey-apache-connector-3.1.10.jar;F:\java\repository2\maven-cangku\commons-codec\commons-codec\1.17.2\commons-codec-1.17.2.jar;F:\java\repository2\maven-cangku\com\netflix\eureka\eureka-core-jersey3\2.0.4\eureka-core-jersey3-2.0.4.jar;F:\java\repository2\maven-cangku\com\netflix\eureka\eureka-core\2.0.4\eureka-core-2.0.4.jar;F:\java\repository2\maven-cangku\com\google\guava\guava\33.0.0-jre\guava-33.0.0-jre.jar;F:\java\repository2\maven-cangku\com\google\guava\failureaccess\1.0.2\failureaccess-1.0.2.jar;F:\java\repository2\maven-cangku\com\google\guava\listenablefuture\9999.0-empty-to-avoid-conflict-with-guava\listenablefuture-9999.0-empty-to-avoid-conflict-with-guava.jar;F:\java\repository2\maven-cangku\org\checkerframework\checker-qual\3.41.0\checker-qual-3.41.0.jar;F:\java\repository2\maven-cangku\com\google\errorprone\error_prone_annotations\2.23.0\error_prone_annotations-2.23.0.jar;F:\java\repository2\maven-cangku\com\google\j2objc\j2objc-annotations\2.8\j2objc-annotations-2.8.jar;F:\java\repository2\maven-cangku\org\glassfish\jersey\containers\jersey-container-servlet\3.1.10\jersey-container-servlet-3.1.10.jar;F:\java\repository2\maven-cangku\org\glassfish\jersey\containers\jersey-container-servlet-core\3.1.10\jersey-container-servlet-core-3.1.10.jar;F:\java\repository2\maven-cangku\org\glassfish\jersey\core\jersey-common\3.1.10\jersey-common-3.1.10.jar;F:\java\repository2\maven-cangku\org\glassfish\hk2\osgi-resource-locator\1.0.3\osgi-resource-locator-1.0.3.jar;F:\java\repository2\maven-cangku\jakarta\ws\rs\jakarta.ws.rs-api\3.1.0\jakarta.ws.rs-api-3.1.0.jar;F:\java\repository2\maven-cangku\org\glassfish\jersey\core\jersey-server\3.1.10\jersey-server-3.1.10.jar;F:\java\repository2\maven-cangku\jakarta\inject\jakarta.inject-api\2.0.1\jakarta.inject-api-2.0.1.jar;F:\java\repository2\maven-cangku\jakarta\validation\jakarta.validation-api\3.0.2\jakarta.validation-api-3.0.2.jar;F:\java\repository2\maven-cangku\org\glassfish\jersey\core\jersey-client\3.1.10\jersey-client-3.1.10.jar;F:\java\repository2\maven-cangku\org\glassfish\jersey\inject\jersey-hk2\3.1.10\jersey-hk2-3.1.10.jar;F:\java\repository2\maven-cangku\org\glassfish\hk2\hk2-locator\3.0.6\hk2-locator-3.0.6.jar;F:\java\repository2\maven-cangku\org\glassfish\hk2\hk2-utils\3.0.6\hk2-utils-3.0.6.jar;F:\java\repository2\maven-cangku\org\javassist\javassist\3.30.2-GA\javassist-3.30.2-GA.jar;F:\java\repository2\maven-cangku\org\glassfish\hk2\spring-bridge\3.1.1\spring-bridge-3.1.1.jar;F:\java\repository2\maven-cangku\org\glassfish\hk2\hk2-api\3.1.1\hk2-api-3.1.1.jar;F:\java\repository2\maven-cangku\org\springframework\spring-context\6.2.5\spring-context-6.2.5.jar;F:\java\repository2\maven-cangku\com\fasterxml\jackson\dataformat\jackson-dataformat-xml\2.18.3\jackson-dataformat-xml-2.18.3.jar;F:\java\repository2\maven-cangku\com\fasterxml\jackson\core\jackson-core\2.18.3\jackson-core-2.18.3.jar;F:\java\repository2\maven-cangku\com\fasterxml\jackson\core\jackson-annotations\2.18.3\jackson-annotations-2.18.3.jar;F:\java\repository2\maven-cangku\com\fasterxml\jackson\core\jackson-databind\2.18.3\jackson-databind-2.18.3.jar;F:\java\repository2\maven-cangku\org\codehaus\woodstox\stax2-api\4.2.2\stax2-api-4.2.2.jar;F:\java\repository2\maven-cangku\com\fasterxml\woodstox\woodstox-core\7.0.0\woodstox-core-7.0.0.jar;F:\java\repository2\maven-cangku\org\springframework\cloud\spring-cloud-starter-loadbalancer\4.2.1\spring-cloud-starter-loadbalancer-4.2.1.jar;F:\java\repository2\maven-cangku\org\springframework\cloud\spring-cloud-loadbalancer\4.2.1\spring-cloud-loadbalancer-4.2.1.jar;F:\java\repository2\maven-cangku\io\projectreactor\reactor-core\3.7.4\reactor-core-3.7.4.jar;F:\java\repository2\maven-cangku\org\reactivestreams\reactive-streams\1.0.4\reactive-streams-1.0.4.jar;F:\java\repository2\maven-cangku\io\projectreactor\addons\reactor-extra\3.5.2\reactor-extra-3.5.2.jar;F:\java\repository2\maven-cangku\org\springframework\boot\spring-boot-starter-cache\3.4.4\spring-boot-starter-cache-3.4.4.jar;F:\java\repository2\maven-cangku\com\stoyanr\evictor\1.0.0\evictor-1.0.0.jar;F:\java\repository2\maven-cangku\org\glassfish\jaxb\jaxb-runtime\4.0.5\jaxb-runtime-4.0.5.jar;F:\java\repository2\maven-cangku\org\glassfish\jaxb\jaxb-core\4.0.5\jaxb-core-4.0.5.jar;F:\java\repository2\maven-cangku\jakarta\xml\bind\jakarta.xml.bind-api\4.0.2\jakarta.xml.bind-api-4.0.2.jar;F:\java\repository2\maven-cangku\jakarta\activation\jakarta.activation-api\2.1.3\jakarta.activation-api-2.1.3.jar;F:\java\repository2\maven-cangku\org\eclipse\angus\angus-activation\2.0.2\angus-activation-2.0.2.jar;F:\java\repository2\maven-cangku\org\glassfish\jaxb\txw2\4.0.5\txw2-4.0.5.jar;F:\java\repository2\maven-cangku\com\sun\istack\istack-commons-runtime\4.1.2\istack-commons-runtime-4.1.2.jar;F:\java\repository2\maven-cangku\junit\junit\3.8.1\junit-3.8.1.jar;"/>
    <property name="sun.cpu.endian" value="little"/>
    <property name="user.home" value="C:\Users\HP-PC"/>
    <property name="user.language" value="zh"/>
    <property name="java.specification.vendor" value="Oracle Corporation"/>
    <property name="java.version.date" value="2023-07-18"/>
    <property name="java.home" value="F:\Java\jdk-17.0.8"/>
    <property name="file.separator" value="\"/>
    <property name="basedir" value="F:\Working\PrivateWealthSuite\discovery-service"/>
    <property name="java.vm.compressedOopsMode" value="Zero based"/>
    <property name="line.separator" value="&#10;"/>
    <property name="java.vm.specification.vendor" value="Oracle Corporation"/>
    <property name="java.specification.name" value="Java Platform API Specification"/>
    <property name="surefire.real.class.path" value="C:\Users\HP-PC\AppData\Local\Temp\surefire1989034123821729822\surefirebooter-20250324222944166_6.jar"/>
    <property name="user.script" value=""/>
    <property name="sun.management.compiler" value="HotSpot 64-Bit Tiered Compilers"/>
    <property name="java.runtime.version" value="17.0.8+9-LTS-211"/>
    <property name="user.name" value="HP-PC"/>
    <property name="path.separator" value=";"/>
    <property name="os.version" value="10.0"/>
    <property name="java.runtime.name" value="Java(TM) SE Runtime Environment"/>
    <property name="file.encoding" value="GBK"/>
    <property name="java.vm.name" value="Java HotSpot(TM) 64-Bit Server VM"/>
    <property name="localRepository" value="F:\java\repository2\maven-cangku"/>
    <property name="java.vendor.url.bug" value="https://bugreport.java.com/bugreport/"/>
    <property name="java.io.tmpdir" value="C:\Users\HP-PC\AppData\Local\Temp\"/>
    <property name="idea.version" value="2021.3.2"/>
    <property name="java.version" value="17.0.8"/>
    <property name="user.dir" value="F:\Working\PrivateWealthSuite\discovery-service"/>
    <property name="os.arch" value="amd64"/>
    <property name="java.vm.specification.name" value="Java Virtual Machine Specification"/>
    <property name="sun.os.patch.level" value=""/>
    <property name="native.encoding" value="GBK"/>
    <property name="java.library.path" value="F:\Java\jdk-17.0.8\bin;C:\windows\Sun\Java\bin;C:\windows\system32;C:\windows;C:\Program Files\Common Files\Oracle\Java\javapath;C:\ProgramData\Oracle\Java\javapath;F:\java\Linux\bin\;C:\Program Files\Microsoft MPI\Bin\;C:\windows\system32;C:\windows;C:\windows\System32\Wbem;C:\windows\System32\WindowsPowerShell\v1.0\;C:\windows\System32\OpenSSH\;C:\Program Files\Azure Data Studio\bin;C:\Program Files (x86)\Microsoft SQL Server\150\Tools\Binn\;C:\Program Files\Microsoft SQL Server\150\Tools\Binn\;C:\Program Files (x86)\Microsoft SQL Server\150\DTS\Binn\;C:\Program Files\Microsoft SQL Server\150\DTS\Binn\;C:\Program Files\Microsoft SQL Server\Client SDK\ODBC\170\Tools\Binn\;C:\Program Files\Bandizip\;F:\Program Files  JAVA\apache-tomcat-9.0.65\bin\;\;传\EasyShare\x64\;Program Files\Git\cmd;F:\MySQL\navicat\bin;F:\java\apache-maven-3.9.9\bin;F:\python\py3.8\;C:\Pro;ram Files\nodejs\;E:\互传\EasyShare\x86\;E;\互传\EasyShare\x64\;F:\java\Git\Git\cmd;F:\wexin_devtools\微信web开发者工具\dll;F:\java\mysql-5.5.7\bin;F:\java\mysql\bin;F:\java\mysql5.5\bin;F:\java\JMeter\apache-jmeter-5.6.3\bin;D:\soft\Pandoc_md_word\;F:\java\nodejs-16.20.2;F:\java\nodejs-16.20.2\node_global;F:\java\nodejs-16.20.2\node_cache;F:\java\nodejs-16.20.2\;F:\java\jdk-17.0.8\bin;F:\python\py\Scripts\;F:\python\py\;C:\Users\HP-PC\AppData\Local\Microsoft\WindowsApps;;C:\Program Files\Azure Data Studio\bin;F:\IDEA\idea 2021.3.2\IntelliJ IDEA 2021.3.2\bin;;D:\VS code\VS code\Microsoft VS Code\bin;F:\python\pycharm\PyCharm 2021.2.4\bin;;C:\Users\HP-PC\AppData\Local\Programs\Microsoft VS Code\bin;C:\Users\HP-PC\AppData\Roaming\npm;."/>
    <property name="java.vm.info" value="mixed mode, sharing"/>
    <property name="java.vendor" value="Oracle Corporation"/>
    <property name="java.vm.version" value="17.0.8+9-LTS-211"/>
    <property name="sun.io.unicode.encoding" value="UnicodeLittle"/>
    <property name="maven.repo.local" value="F:\java\repository2\maven-cangku"/>
    <property name="java.class.version" value="61.0"/>
  </properties>
  <testcase name="testApp" classname="com.alxy.AppTest" time="0.001"/>
</testsuite>